<?xml version="1.0" encoding="UTF-8"?>
<coverage generated="1711122558854" clover="3.2.0">
  <project timestamp="1711122558855" name="All files">
    <metrics statements="12" coveredstatements="12" conditionals="0" coveredconditionals="0" methods="3" coveredmethods="3" elements="15" coveredelements="15" complexity="0" loc="12" ncloc="12" packages="1" files="3" classes="3"/>
    <file name="Footer.jsx" path="/Users/gunz/Work_Prioritization/app/components/Footer.jsx">
      <metrics statements="4" coveredstatements="4" conditionals="0" coveredconditionals="0" methods="1" coveredmethods="1"/>
      <line num="3" count="1" type="stmt"/>
      <line num="8" count="1" type="stmt"/>
      <line num="9" count="1" type="stmt"/>
      <line num="65" count="1" type="stmt"/>
    </file>
    <file name="Header.jsx" path="/Users/gunz/Work_Prioritization/app/components/Header.jsx">
      <metrics statements="6" coveredstatements="6" conditionals="0" coveredconditionals="0" methods="1" coveredmethods="1"/>
      <line num="2" count="1" type="stmt"/>
      <line num="3" count="1" type="stmt"/>
      <line num="4" count="1" type="stmt"/>
      <line num="5" count="1" type="stmt"/>
      <line num="6" count="1" type="stmt"/>
      <line num="25" count="1" type="stmt"/>
    </file>
    <file name="Loading.jsx" path="/Users/gunz/Work_Prioritization/app/components/Loading.jsx">
      <metrics statements="2" coveredstatements="2" conditionals="0" coveredconditionals="0" methods="1" coveredmethods="1"/>
      <line num="1" count="1" type="stmt"/>
      <line num="2" count="1" type="stmt"/>
    </file>
  </project>
</coverage>
