{"/Users/gunz/Work_Prioritization/app/components/Footer.jsx": {"path":"/Users/gunz/Work_Prioritization/app/components/Footer.jsx","statementMap":{"0":{"start":{"line":65,"column":0},"end":{"line":65,"column":15}},"1":{"start":{"line":3,"column":32},"end":{"line":3,"column":null}},"2":{"start":{"line":8,"column":7},"end":{"line":8,"column":null}},"3":{"start":{"line":9,"column":19},"end":{"line":9,"column":null}},"4":{"start":{"line":65,"column":15},"end":{"line":65,"column":null}}},"fnMap":{"0":{"name":"Footer","decl":{"start":{"line":10,"column":9},"end":{"line":10,"column":null}},"loc":{"start":{"line":10,"column":9},"end":{"line":63,"column":null}}}},"branchMap":{},"s":{"0":1,"1":1,"2":1,"3":1,"4":1},"f":{"0":1},"b":{}}
,"/Users/gunz/Work_Prioritization/app/components/Header.jsx": {"path":"/Users/gunz/Work_Prioritization/app/components/Header.jsx","statementMap":{"0":{"start":{"line":25,"column":0},"end":{"line":25,"column":15}},"1":{"start":{"line":2,"column":22},"end":{"line":2,"column":null}},"2":{"start":{"line":3,"column":16},"end":{"line":3,"column":null}},"3":{"start":{"line":4,"column":19},"end":{"line":4,"column":null}},"4":{"start":{"line":5,"column":17},"end":{"line":5,"column":null}},"5":{"start":{"line":6,"column":19},"end":{"line":6,"column":null}},"6":{"start":{"line":25,"column":15},"end":{"line":25,"column":null}}},"fnMap":{"0":{"name":"Header","decl":{"start":{"line":7,"column":9},"end":{"line":7,"column":null}},"loc":{"start":{"line":7,"column":9},"end":{"line":23,"column":null}}}},"branchMap":{},"s":{"0":1,"1":1,"2":1,"3":1,"4":1,"5":1,"6":1},"f":{"0":1},"b":{}}
,"/Users/gunz/Work_Prioritization/app/components/Loading.jsx": {"path":"/Users/gunz/Work_Prioritization/app/components/Loading.jsx","statementMap":{"0":{"start":{"line":2,"column":24},"end":{"line":2,"column":null}},"1":{"start":{"line":1,"column":20},"end":{"line":1,"column":null}}},"fnMap":{"0":{"name":"Loading","decl":{"start":{"line":2,"column":24},"end":{"line":2,"column":null}},"loc":{"start":{"line":2,"column":24},"end":{"line":9,"column":null}}}},"branchMap":{},"s":{"0":1,"1":1},"f":{"0":1},"b":{}}
}
